2018-04-24 09:55:54,722 [INFO] from application in play-dev-mode-akka.actor.default-dispatcher-3 - Creating Pool for datasource 'default'
2018-04-24 09:55:55,052 [INFO] from play.api.db.DefaultDBApi in play-dev-mode-akka.actor.default-dispatcher-3 - Database [default] connected at jdbc:h2:file:./data/productsDB
2018-04-24 09:55:55,910 [INFO] from application in play-dev-mode-akka.actor.default-dispatcher-3 - ApplicationTimer demo: Starting application at 2018-04-24T08:55:55.910Z
2018-04-24 09:55:56,439 [WARN] from org.hibernate.validator.messageinterpolation.ParameterMessageInterpolator in play-dev-mode-akka.actor.default-dispatcher-3 - HV000184: ParameterMessageInterpolator has been chosen, EL interpolation will not be supported
2018-04-24 09:55:56,657 [INFO] from play.api.http.EnabledFilters in play-dev-mode-akka.actor.default-dispatcher-3 - Enabled Filters (see <https://www.playframework.com/documentation/latest/Filters>):

    play.filters.csrf.CSRFFilter
    play.filters.headers.SecurityHeadersFilter
    play.filters.hosts.AllowedHostsFilter
    filters.ExampleFilter

2018-04-24 09:55:56,663 [INFO] from play.api.Play in play-dev-mode-akka.actor.default-dispatcher-3 - Application started (Dev)
2018-04-24 09:57:40,746 [INFO] from application in application-akka.actor.default-dispatcher-10 - ApplicationTimer demo: Stopping application at 2018-04-24T08:57:40.746Z after 105s.
2018-04-24 09:57:40,755 [INFO] from application in application-akka.actor.default-dispatcher-10 - Shutting down connection pool.
2018-04-24 09:57:40,978 [INFO] from application in play-dev-mode-akka.actor.default-dispatcher-3 - Creating Pool for datasource 'default'
2018-04-24 09:57:40,999 [INFO] from play.api.db.DefaultDBApi in play-dev-mode-akka.actor.default-dispatcher-3 - Database [default] connected at jdbc:h2:file:./data/productsDB
2018-04-24 09:57:41,069 [INFO] from application in play-dev-mode-akka.actor.default-dispatcher-3 - ApplicationTimer demo: Starting application at 2018-04-24T08:57:41.069Z
2018-04-24 09:57:41,125 [WARN] from org.hibernate.validator.messageinterpolation.ParameterMessageInterpolator in play-dev-mode-akka.actor.default-dispatcher-3 - HV000184: ParameterMessageInterpolator has been chosen, EL interpolation will not be supported
2018-04-24 09:57:41,244 [INFO] from play.api.http.EnabledFilters in play-dev-mode-akka.actor.default-dispatcher-3 - Enabled Filters (see <https://www.playframework.com/documentation/latest/Filters>):

    play.filters.csrf.CSRFFilter
    play.filters.headers.SecurityHeadersFilter
    play.filters.hosts.AllowedHostsFilter
    filters.ExampleFilter

2018-04-24 09:57:41,245 [INFO] from play.api.Play in play-dev-mode-akka.actor.default-dispatcher-3 - Application started (Dev)
2018-04-24 09:58:08,751 [INFO] from application in application-akka.actor.default-dispatcher-11 - ApplicationTimer demo: Stopping application at 2018-04-24T08:58:08.751Z after 27s.
2018-04-24 09:58:08,752 [INFO] from application in application-akka.actor.default-dispatcher-11 - Shutting down connection pool.
2018-04-24 09:58:08,934 [INFO] from application in play-dev-mode-akka.actor.default-dispatcher-27 - Creating Pool for datasource 'default'
2018-04-24 09:58:08,958 [INFO] from play.api.db.DefaultDBApi in play-dev-mode-akka.actor.default-dispatcher-27 - Database [default] connected at jdbc:h2:file:./data/productsDB
2018-04-24 09:58:09,049 [INFO] from application in play-dev-mode-akka.actor.default-dispatcher-27 - ApplicationTimer demo: Starting application at 2018-04-24T08:58:09.049Z
2018-04-24 09:58:09,109 [WARN] from org.hibernate.validator.messageinterpolation.ParameterMessageInterpolator in play-dev-mode-akka.actor.default-dispatcher-27 - HV000184: ParameterMessageInterpolator has been chosen, EL interpolation will not be supported
2018-04-24 09:58:09,188 [INFO] from play.api.http.EnabledFilters in play-dev-mode-akka.actor.default-dispatcher-27 - Enabled Filters (see <https://www.playframework.com/documentation/latest/Filters>):

    play.filters.csrf.CSRFFilter
    play.filters.headers.SecurityHeadersFilter
    play.filters.hosts.AllowedHostsFilter
    filters.ExampleFilter

2018-04-24 09:58:09,195 [INFO] from play.api.Play in play-dev-mode-akka.actor.default-dispatcher-27 - Application started (Dev)
2018-04-24 09:58:37,888 [INFO] from application in application-akka.actor.default-dispatcher-5 - ApplicationTimer demo: Stopping application at 2018-04-24T08:58:37.888Z after 28s.
2018-04-24 09:58:37,889 [INFO] from application in application-akka.actor.default-dispatcher-5 - Shutting down connection pool.
2018-04-24 09:58:38,124 [INFO] from application in play-dev-mode-akka.actor.default-dispatcher-31 - Creating Pool for datasource 'default'
2018-04-24 09:58:38,146 [INFO] from play.api.db.DefaultDBApi in play-dev-mode-akka.actor.default-dispatcher-31 - Database [default] connected at jdbc:h2:file:./data/productsDB
2018-04-24 09:58:38,200 [INFO] from application in play-dev-mode-akka.actor.default-dispatcher-31 - ApplicationTimer demo: Starting application at 2018-04-24T08:58:38.200Z
2018-04-24 09:58:38,267 [WARN] from org.hibernate.validator.messageinterpolation.ParameterMessageInterpolator in play-dev-mode-akka.actor.default-dispatcher-31 - HV000184: ParameterMessageInterpolator has been chosen, EL interpolation will not be supported
2018-04-24 09:58:38,318 [INFO] from play.api.http.EnabledFilters in play-dev-mode-akka.actor.default-dispatcher-31 - Enabled Filters (see <https://www.playframework.com/documentation/latest/Filters>):

    play.filters.csrf.CSRFFilter
    play.filters.headers.SecurityHeadersFilter
    play.filters.hosts.AllowedHostsFilter
    filters.ExampleFilter

2018-04-24 09:58:38,321 [INFO] from play.api.Play in play-dev-mode-akka.actor.default-dispatcher-31 - Application started (Dev)
2018-04-24 09:58:54,040 [INFO] from application in application-akka.actor.default-dispatcher-2 - ApplicationTimer demo: Stopping application at 2018-04-24T08:58:54.040Z after 16s.
2018-04-24 09:58:54,042 [INFO] from application in application-akka.actor.default-dispatcher-2 - Shutting down connection pool.
2018-04-24 09:58:54,295 [INFO] from application in play-dev-mode-akka.actor.default-dispatcher-33 - Creating Pool for datasource 'default'
2018-04-24 09:58:54,339 [INFO] from play.api.db.DefaultDBApi in play-dev-mode-akka.actor.default-dispatcher-33 - Database [default] connected at jdbc:h2:file:./data/productsDB
2018-04-24 09:58:54,408 [INFO] from application in play-dev-mode-akka.actor.default-dispatcher-33 - ApplicationTimer demo: Starting application at 2018-04-24T08:58:54.408Z
2018-04-24 09:58:54,525 [WARN] from org.hibernate.validator.messageinterpolation.ParameterMessageInterpolator in play-dev-mode-akka.actor.default-dispatcher-33 - HV000184: ParameterMessageInterpolator has been chosen, EL interpolation will not be supported
2018-04-24 09:58:54,666 [INFO] from play.api.http.EnabledFilters in play-dev-mode-akka.actor.default-dispatcher-33 - Enabled Filters (see <https://www.playframework.com/documentation/latest/Filters>):

    play.filters.csrf.CSRFFilter
    play.filters.headers.SecurityHeadersFilter
    play.filters.hosts.AllowedHostsFilter
    filters.ExampleFilter

2018-04-24 09:58:54,669 [INFO] from play.api.Play in play-dev-mode-akka.actor.default-dispatcher-33 - Application started (Dev)
2018-04-24 09:59:09,537 [INFO] from application in application-akka.actor.default-dispatcher-10 - ApplicationTimer demo: Stopping application at 2018-04-24T08:59:09.537Z after 15s.
2018-04-24 09:59:09,537 [INFO] from application in application-akka.actor.default-dispatcher-10 - Shutting down connection pool.
2018-04-24 09:59:09,677 [INFO] from application in play-dev-mode-akka.actor.default-dispatcher-41 - Creating Pool for datasource 'default'
2018-04-24 09:59:09,698 [INFO] from play.api.db.DefaultDBApi in play-dev-mode-akka.actor.default-dispatcher-41 - Database [default] connected at jdbc:h2:file:./data/productsDB
2018-04-24 09:59:09,754 [INFO] from application in play-dev-mode-akka.actor.default-dispatcher-41 - ApplicationTimer demo: Starting application at 2018-04-24T08:59:09.754Z
2018-04-24 09:59:09,805 [WARN] from org.hibernate.validator.messageinterpolation.ParameterMessageInterpolator in play-dev-mode-akka.actor.default-dispatcher-41 - HV000184: ParameterMessageInterpolator has been chosen, EL interpolation will not be supported
2018-04-24 09:59:09,853 [INFO] from play.api.http.EnabledFilters in play-dev-mode-akka.actor.default-dispatcher-41 - Enabled Filters (see <https://www.playframework.com/documentation/latest/Filters>):

    play.filters.csrf.CSRFFilter
    play.filters.headers.SecurityHeadersFilter
    play.filters.hosts.AllowedHostsFilter
    filters.ExampleFilter

2018-04-24 09:59:09,854 [INFO] from play.api.Play in play-dev-mode-akka.actor.default-dispatcher-41 - Application started (Dev)
2018-04-24 10:00:34,766 [INFO] from application in application-akka.actor.default-dispatcher-3 - ApplicationTimer demo: Stopping application at 2018-04-24T09:00:34.766Z after 85s.
2018-04-24 10:00:34,766 [INFO] from application in application-akka.actor.default-dispatcher-3 - Shutting down connection pool.
2018-04-24 10:00:34,922 [INFO] from application in play-dev-mode-akka.actor.default-dispatcher-32 - Creating Pool for datasource 'default'
2018-04-24 10:00:34,941 [INFO] from play.api.db.DefaultDBApi in play-dev-mode-akka.actor.default-dispatcher-32 - Database [default] connected at jdbc:h2:file:./data/productsDB
2018-04-24 10:00:35,001 [INFO] from application in play-dev-mode-akka.actor.default-dispatcher-32 - ApplicationTimer demo: Starting application at 2018-04-24T09:00:35.001Z
2018-04-24 10:00:35,049 [WARN] from org.hibernate.validator.messageinterpolation.ParameterMessageInterpolator in play-dev-mode-akka.actor.default-dispatcher-32 - HV000184: ParameterMessageInterpolator has been chosen, EL interpolation will not be supported
2018-04-24 10:00:35,101 [INFO] from play.api.http.EnabledFilters in play-dev-mode-akka.actor.default-dispatcher-32 - Enabled Filters (see <https://www.playframework.com/documentation/latest/Filters>):

    play.filters.csrf.CSRFFilter
    play.filters.headers.SecurityHeadersFilter
    play.filters.hosts.AllowedHostsFilter
    filters.ExampleFilter

2018-04-24 10:00:35,102 [INFO] from play.api.Play in play-dev-mode-akka.actor.default-dispatcher-32 - Application started (Dev)
2018-04-24 10:04:43,759 [INFO] from application in application-akka.actor.default-dispatcher-8 - ApplicationTimer demo: Stopping application at 2018-04-24T09:04:43.759Z after 248s.
2018-04-24 10:04:43,771 [INFO] from application in application-akka.actor.default-dispatcher-8 - Shutting down connection pool.
2018-04-24 10:04:43,951 [INFO] from application in play-dev-mode-akka.actor.default-dispatcher-47 - Creating Pool for datasource 'default'
2018-04-24 10:04:43,973 [INFO] from play.api.db.DefaultDBApi in play-dev-mode-akka.actor.default-dispatcher-47 - Database [default] connected at jdbc:h2:file:./data/productsDB
2018-04-24 10:04:44,045 [INFO] from application in play-dev-mode-akka.actor.default-dispatcher-47 - ApplicationTimer demo: Starting application at 2018-04-24T09:04:44.045Z
2018-04-24 10:04:44,107 [WARN] from org.hibernate.validator.messageinterpolation.ParameterMessageInterpolator in play-dev-mode-akka.actor.default-dispatcher-47 - HV000184: ParameterMessageInterpolator has been chosen, EL interpolation will not be supported
2018-04-24 10:04:44,163 [INFO] from play.api.http.EnabledFilters in play-dev-mode-akka.actor.default-dispatcher-47 - Enabled Filters (see <https://www.playframework.com/documentation/latest/Filters>):

    play.filters.csrf.CSRFFilter
    play.filters.headers.SecurityHeadersFilter
    play.filters.hosts.AllowedHostsFilter
    filters.ExampleFilter

2018-04-24 10:04:44,166 [INFO] from play.api.Play in play-dev-mode-akka.actor.default-dispatcher-47 - Application started (Dev)
2018-04-24 10:04:57,599 [INFO] from application in application-akka.actor.default-dispatcher-6 - ApplicationTimer demo: Stopping application at 2018-04-24T09:04:57.599Z after 13s.
2018-04-24 10:04:57,600 [INFO] from application in application-akka.actor.default-dispatcher-6 - Shutting down connection pool.
2018-04-24 10:04:57,721 [INFO] from application in play-dev-mode-akka.actor.default-dispatcher-49 - Creating Pool for datasource 'default'
2018-04-24 10:04:57,745 [INFO] from play.api.db.DefaultDBApi in play-dev-mode-akka.actor.default-dispatcher-49 - Database [default] connected at jdbc:h2:file:./data/productsDB
2018-04-24 10:04:57,804 [INFO] from application in play-dev-mode-akka.actor.default-dispatcher-49 - ApplicationTimer demo: Starting application at 2018-04-24T09:04:57.804Z
2018-04-24 10:04:57,864 [WARN] from org.hibernate.validator.messageinterpolation.ParameterMessageInterpolator in play-dev-mode-akka.actor.default-dispatcher-49 - HV000184: ParameterMessageInterpolator has been chosen, EL interpolation will not be supported
2018-04-24 10:04:57,927 [INFO] from play.api.http.EnabledFilters in play-dev-mode-akka.actor.default-dispatcher-49 - Enabled Filters (see <https://www.playframework.com/documentation/latest/Filters>):

    play.filters.csrf.CSRFFilter
    play.filters.headers.SecurityHeadersFilter
    play.filters.hosts.AllowedHostsFilter
    filters.ExampleFilter

2018-04-24 10:04:57,933 [INFO] from play.api.Play in play-dev-mode-akka.actor.default-dispatcher-49 - Application started (Dev)
2018-04-24 10:05:39,883 [INFO] from application in application-akka.actor.default-dispatcher-12 - ApplicationTimer demo: Stopping application at 2018-04-24T09:05:39.883Z after 42s.
2018-04-24 10:05:39,891 [INFO] from application in application-akka.actor.default-dispatcher-12 - Shutting down connection pool.
2018-04-24 10:05:40,010 [INFO] from application in play-dev-mode-akka.actor.default-dispatcher-54 - Creating Pool for datasource 'default'
2018-04-24 10:05:40,021 [INFO] from play.api.db.DefaultDBApi in play-dev-mode-akka.actor.default-dispatcher-54 - Database [default] connected at jdbc:h2:file:./data/productsDB
2018-04-24 10:05:40,073 [INFO] from application in play-dev-mode-akka.actor.default-dispatcher-54 - ApplicationTimer demo: Starting application at 2018-04-24T09:05:40.073Z
2018-04-24 10:05:40,132 [WARN] from org.hibernate.validator.messageinterpolation.ParameterMessageInterpolator in play-dev-mode-akka.actor.default-dispatcher-54 - HV000184: ParameterMessageInterpolator has been chosen, EL interpolation will not be supported
2018-04-24 10:05:40,194 [INFO] from play.api.http.EnabledFilters in play-dev-mode-akka.actor.default-dispatcher-54 - Enabled Filters (see <https://www.playframework.com/documentation/latest/Filters>):

    play.filters.csrf.CSRFFilter
    play.filters.headers.SecurityHeadersFilter
    play.filters.hosts.AllowedHostsFilter
    filters.ExampleFilter

2018-04-24 10:05:40,196 [INFO] from play.api.Play in play-dev-mode-akka.actor.default-dispatcher-54 - Application started (Dev)
2018-04-24 10:06:41,115 [INFO] from application in application-akka.actor.default-dispatcher-10 - ApplicationTimer demo: Stopping application at 2018-04-24T09:06:41.115Z after 61s.
2018-04-24 10:06:41,115 [INFO] from application in application-akka.actor.default-dispatcher-10 - Shutting down connection pool.
2018-04-24 10:06:41,262 [INFO] from application in play-dev-mode-akka.actor.default-dispatcher-48 - Creating Pool for datasource 'default'
2018-04-24 10:06:41,281 [INFO] from play.api.db.DefaultDBApi in play-dev-mode-akka.actor.default-dispatcher-48 - Database [default] connected at jdbc:h2:file:./data/productsDB
2018-04-24 10:06:41,319 [INFO] from application in play-dev-mode-akka.actor.default-dispatcher-48 - ApplicationTimer demo: Starting application at 2018-04-24T09:06:41.319Z
2018-04-24 10:06:41,366 [WARN] from org.hibernate.validator.messageinterpolation.ParameterMessageInterpolator in play-dev-mode-akka.actor.default-dispatcher-48 - HV000184: ParameterMessageInterpolator has been chosen, EL interpolation will not be supported
2018-04-24 10:06:41,423 [INFO] from play.api.http.EnabledFilters in play-dev-mode-akka.actor.default-dispatcher-48 - Enabled Filters (see <https://www.playframework.com/documentation/latest/Filters>):

    play.filters.csrf.CSRFFilter
    play.filters.headers.SecurityHeadersFilter
    play.filters.hosts.AllowedHostsFilter
    filters.ExampleFilter

2018-04-24 10:06:41,423 [INFO] from play.api.Play in play-dev-mode-akka.actor.default-dispatcher-48 - Application started (Dev)
2018-04-24 10:07:04,120 [INFO] from application in application-akka.actor.default-dispatcher-10 - ApplicationTimer demo: Stopping application at 2018-04-24T09:07:04.120Z after 23s.
2018-04-24 10:07:04,122 [INFO] from application in application-akka.actor.default-dispatcher-10 - Shutting down connection pool.
2018-04-24 10:07:04,265 [INFO] from application in play-dev-mode-akka.actor.default-dispatcher-56 - Creating Pool for datasource 'default'
2018-04-24 10:07:04,296 [INFO] from play.api.db.DefaultDBApi in play-dev-mode-akka.actor.default-dispatcher-56 - Database [default] connected at jdbc:h2:file:./data/productsDB
2018-04-24 10:07:04,348 [INFO] from application in play-dev-mode-akka.actor.default-dispatcher-56 - ApplicationTimer demo: Starting application at 2018-04-24T09:07:04.348Z
2018-04-24 10:07:04,416 [WARN] from org.hibernate.validator.messageinterpolation.ParameterMessageInterpolator in play-dev-mode-akka.actor.default-dispatcher-56 - HV000184: ParameterMessageInterpolator has been chosen, EL interpolation will not be supported
2018-04-24 10:07:04,481 [INFO] from play.api.http.EnabledFilters in play-dev-mode-akka.actor.default-dispatcher-56 - Enabled Filters (see <https://www.playframework.com/documentation/latest/Filters>):

    play.filters.csrf.CSRFFilter
    play.filters.headers.SecurityHeadersFilter
    play.filters.hosts.AllowedHostsFilter
    filters.ExampleFilter

2018-04-24 10:07:04,482 [INFO] from play.api.Play in play-dev-mode-akka.actor.default-dispatcher-56 - Application started (Dev)
2018-04-24 10:07:48,654 [INFO] from application in application-akka.actor.default-dispatcher-13 - ApplicationTimer demo: Stopping application at 2018-04-24T09:07:48.654Z after 44s.
2018-04-24 10:07:48,654 [INFO] from application in application-akka.actor.default-dispatcher-13 - Shutting down connection pool.
2018-04-24 10:07:48,751 [INFO] from application in play-dev-mode-akka.actor.default-dispatcher-63 - Creating Pool for datasource 'default'
2018-04-24 10:07:48,782 [INFO] from play.api.db.DefaultDBApi in play-dev-mode-akka.actor.default-dispatcher-63 - Database [default] connected at jdbc:h2:file:./data/productsDB
2018-04-24 10:07:48,835 [INFO] from application in play-dev-mode-akka.actor.default-dispatcher-63 - ApplicationTimer demo: Starting application at 2018-04-24T09:07:48.835Z
2018-04-24 10:07:48,880 [WARN] from org.hibernate.validator.messageinterpolation.ParameterMessageInterpolator in play-dev-mode-akka.actor.default-dispatcher-63 - HV000184: ParameterMessageInterpolator has been chosen, EL interpolation will not be supported
2018-04-24 10:07:48,931 [INFO] from play.api.http.EnabledFilters in play-dev-mode-akka.actor.default-dispatcher-63 - Enabled Filters (see <https://www.playframework.com/documentation/latest/Filters>):

    play.filters.csrf.CSRFFilter
    play.filters.headers.SecurityHeadersFilter
    play.filters.hosts.AllowedHostsFilter
    filters.ExampleFilter

2018-04-24 10:07:48,939 [INFO] from play.api.Play in play-dev-mode-akka.actor.default-dispatcher-63 - Application started (Dev)
2018-04-24 10:09:04,603 [INFO] from application in application-akka.actor.default-dispatcher-11 - ApplicationTimer demo: Stopping application at 2018-04-24T09:09:04.602Z after 76s.
2018-04-24 10:09:04,604 [INFO] from application in application-akka.actor.default-dispatcher-11 - Shutting down connection pool.
2018-04-24 10:09:04,690 [INFO] from application in play-dev-mode-akka.actor.default-dispatcher-66 - Creating Pool for datasource 'default'
2018-04-24 10:09:04,710 [INFO] from play.api.db.DefaultDBApi in play-dev-mode-akka.actor.default-dispatcher-66 - Database [default] connected at jdbc:h2:file:./data/productsDB
2018-04-24 10:09:04,761 [INFO] from application in play-dev-mode-akka.actor.default-dispatcher-66 - ApplicationTimer demo: Starting application at 2018-04-24T09:09:04.761Z
2018-04-24 10:09:04,810 [WARN] from org.hibernate.validator.messageinterpolation.ParameterMessageInterpolator in play-dev-mode-akka.actor.default-dispatcher-66 - HV000184: ParameterMessageInterpolator has been chosen, EL interpolation will not be supported
2018-04-24 10:09:04,858 [INFO] from play.api.http.EnabledFilters in play-dev-mode-akka.actor.default-dispatcher-66 - Enabled Filters (see <https://www.playframework.com/documentation/latest/Filters>):

    play.filters.csrf.CSRFFilter
    play.filters.headers.SecurityHeadersFilter
    play.filters.hosts.AllowedHostsFilter
    filters.ExampleFilter

2018-04-24 10:09:04,858 [INFO] from play.api.Play in play-dev-mode-akka.actor.default-dispatcher-66 - Application started (Dev)
2018-04-24 10:09:29,605 [INFO] from application in application-akka.actor.default-dispatcher-8 - ApplicationTimer demo: Stopping application at 2018-04-24T09:09:29.605Z after 25s.
2018-04-24 10:09:29,605 [INFO] from application in application-akka.actor.default-dispatcher-8 - Shutting down connection pool.
2018-04-24 10:09:29,729 [INFO] from application in play-dev-mode-akka.actor.default-dispatcher-70 - Creating Pool for datasource 'default'
2018-04-24 10:09:29,748 [INFO] from play.api.db.DefaultDBApi in play-dev-mode-akka.actor.default-dispatcher-70 - Database [default] connected at jdbc:h2:file:./data/productsDB
2018-04-24 10:09:29,811 [INFO] from application in play-dev-mode-akka.actor.default-dispatcher-70 - ApplicationTimer demo: Starting application at 2018-04-24T09:09:29.811Z
2018-04-24 10:09:29,865 [WARN] from org.hibernate.validator.messageinterpolation.ParameterMessageInterpolator in play-dev-mode-akka.actor.default-dispatcher-70 - HV000184: ParameterMessageInterpolator has been chosen, EL interpolation will not be supported
2018-04-24 10:09:29,924 [INFO] from play.api.http.EnabledFilters in play-dev-mode-akka.actor.default-dispatcher-70 - Enabled Filters (see <https://www.playframework.com/documentation/latest/Filters>):

    play.filters.csrf.CSRFFilter
    play.filters.headers.SecurityHeadersFilter
    play.filters.hosts.AllowedHostsFilter
    filters.ExampleFilter

2018-04-24 10:09:29,924 [INFO] from play.api.Play in play-dev-mode-akka.actor.default-dispatcher-70 - Application started (Dev)
2018-04-24 10:10:30,664 [INFO] from application in application-akka.actor.default-dispatcher-14 - ApplicationTimer demo: Stopping application at 2018-04-24T09:10:30.664Z after 61s.
2018-04-24 10:10:30,664 [INFO] from application in application-akka.actor.default-dispatcher-14 - Shutting down connection pool.
2018-04-24 10:10:30,795 [INFO] from application in play-dev-mode-akka.actor.default-dispatcher-71 - Creating Pool for datasource 'default'
2018-04-24 10:10:30,820 [INFO] from play.api.db.DefaultDBApi in play-dev-mode-akka.actor.default-dispatcher-71 - Database [default] connected at jdbc:h2:file:./data/productsDB
2018-04-24 10:10:30,875 [INFO] from application in play-dev-mode-akka.actor.default-dispatcher-71 - ApplicationTimer demo: Starting application at 2018-04-24T09:10:30.875Z
2018-04-24 10:10:30,942 [WARN] from org.hibernate.validator.messageinterpolation.ParameterMessageInterpolator in play-dev-mode-akka.actor.default-dispatcher-71 - HV000184: ParameterMessageInterpolator has been chosen, EL interpolation will not be supported
2018-04-24 10:10:30,996 [INFO] from play.api.http.EnabledFilters in play-dev-mode-akka.actor.default-dispatcher-71 - Enabled Filters (see <https://www.playframework.com/documentation/latest/Filters>):

    play.filters.csrf.CSRFFilter
    play.filters.headers.SecurityHeadersFilter
    play.filters.hosts.AllowedHostsFilter
    filters.ExampleFilter

2018-04-24 10:10:30,996 [INFO] from play.api.Play in play-dev-mode-akka.actor.default-dispatcher-71 - Application started (Dev)
2018-04-24 10:13:32,162 [ERROR] from application in play-dev-mode-akka.actor.default-dispatcher-82 - 

! @77l559b27 - Internal server error, for (GET) [/aboutUs] ->
 
play.sbt.PlayExceptions$CompilationException: Compilation error[Not parsed?]
	at play.sbt.PlayExceptions$CompilationException$.apply(PlayExceptions.scala:34)
	at play.sbt.PlayExceptions$CompilationException$.apply(PlayExceptions.scala:34)
	at scala.Option.map(Option.scala:146)
	at play.sbt.run.PlayReload$.$anonfun$taskFailureHandler$1(PlayReload.scala:33)
	at scala.Option.map(Option.scala:146)
	at play.sbt.run.PlayReload$.taskFailureHandler(PlayReload.scala:28)
	at play.sbt.run.PlayReload$.compileFailure(PlayReload.scala:24)
	at play.sbt.run.PlayReload$.$anonfun$compile$3(PlayReload.scala:51)
	at scala.util.Either$LeftProjection.map(Either.scala:573)
	at play.sbt.run.PlayReload$.compile(PlayReload.scala:51)
	at play.sbt.run.PlayRun$.$anonfun$playRunTask$4(PlayRun.scala:76)
	at play.runsupport.Reloader.$anonfun$reload$1(Reloader.scala:413)
	at play.runsupport.Reloader$$anon$5.run(Reloader.scala:51)
	at java.security.AccessController.doPrivileged(Native Method)
	at play.runsupport.Reloader$.play$runsupport$Reloader$$withReloaderContextClassLoader(Reloader.scala:56)
	at play.runsupport.Reloader.reload(Reloader.scala:413)
	at play.core.server.DevServerStart$$anon$1.get(DevServerStart.scala:123)
	at play.core.server.AkkaHttpServer.handleRequest(AkkaHttpServer.scala:202)
	at play.core.server.AkkaHttpServer.$anonfun$createServerBinding$1(AkkaHttpServer.scala:117)
	at akka.stream.impl.fusing.MapAsync$$anon$25.onPush(Ops.scala:1194)
	at akka.stream.impl.fusing.GraphInterpreter.processPush(GraphInterpreter.scala:519)
	at akka.stream.impl.fusing.GraphInterpreter.processEvent(GraphInterpreter.scala:482)
	at akka.stream.impl.fusing.GraphInterpreter.execute(GraphInterpreter.scala:378)
	at akka.stream.impl.fusing.GraphInterpreterShell.runBatch(ActorGraphInterpreter.scala:585)
	at akka.stream.impl.fusing.GraphInterpreterShell$AsyncInput.execute(ActorGraphInterpreter.scala:469)
	at akka.stream.impl.fusing.GraphInterpreterShell.processEvent(ActorGraphInterpreter.scala:560)
	at akka.stream.impl.fusing.ActorGraphInterpreter.akka$stream$impl$fusing$ActorGraphInterpreter$$processEvent(ActorGraphInterpreter.scala:742)
	at akka.stream.impl.fusing.ActorGraphInterpreter$$anonfun$receive$1.applyOrElse(ActorGraphInterpreter.scala:757)
	at akka.actor.Actor.aroundReceive(Actor.scala:517)
	at akka.actor.Actor.aroundReceive$(Actor.scala:515)
	at akka.stream.impl.fusing.ActorGraphInterpreter.aroundReceive(ActorGraphInterpreter.scala:667)
	at akka.actor.ActorCell.receiveMessage(ActorCell.scala:590)
	at akka.actor.ActorCell.invoke(ActorCell.scala:559)
	at akka.dispatch.Mailbox.processMailbox(Mailbox.scala:257)
	at akka.dispatch.Mailbox.run(Mailbox.scala:224)
	at akka.dispatch.Mailbox.exec(Mailbox.scala:234)
	at akka.dispatch.forkjoin.ForkJoinTask.doExec(ForkJoinTask.java:260)
	at akka.dispatch.forkjoin.ForkJoinPool$WorkQueue.runTask(ForkJoinPool.java:1339)
	at akka.dispatch.forkjoin.ForkJoinPool.runWorker(ForkJoinPool.java:1979)
	at akka.dispatch.forkjoin.ForkJoinWorkerThread.run(ForkJoinWorkerThread.java:107)
2018-04-24 10:13:41,611 [INFO] from application in application-akka.actor.default-dispatcher-4 - ApplicationTimer demo: Stopping application at 2018-04-24T09:13:41.611Z after 191s.
2018-04-24 10:13:41,612 [INFO] from application in application-akka.actor.default-dispatcher-4 - Shutting down connection pool.
2018-04-24 10:13:41,759 [INFO] from application in play-dev-mode-akka.actor.default-dispatcher-82 - Creating Pool for datasource 'default'
2018-04-24 10:13:41,782 [INFO] from play.api.db.DefaultDBApi in play-dev-mode-akka.actor.default-dispatcher-82 - Database [default] connected at jdbc:h2:file:./data/productsDB
2018-04-24 10:13:41,871 [INFO] from application in play-dev-mode-akka.actor.default-dispatcher-82 - ApplicationTimer demo: Starting application at 2018-04-24T09:13:41.871Z
2018-04-24 10:13:41,946 [WARN] from org.hibernate.validator.messageinterpolation.ParameterMessageInterpolator in play-dev-mode-akka.actor.default-dispatcher-82 - HV000184: ParameterMessageInterpolator has been chosen, EL interpolation will not be supported
2018-04-24 10:13:42,013 [INFO] from play.api.http.EnabledFilters in play-dev-mode-akka.actor.default-dispatcher-82 - Enabled Filters (see <https://www.playframework.com/documentation/latest/Filters>):

    play.filters.csrf.CSRFFilter
    play.filters.headers.SecurityHeadersFilter
    play.filters.hosts.AllowedHostsFilter
    filters.ExampleFilter

2018-04-24 10:13:42,014 [INFO] from play.api.Play in play-dev-mode-akka.actor.default-dispatcher-82 - Application started (Dev)
2018-04-24 10:14:23,564 [INFO] from application in application-akka.actor.default-dispatcher-14 - ApplicationTimer demo: Stopping application at 2018-04-24T09:14:23.564Z after 42s.
2018-04-24 10:14:23,564 [INFO] from application in application-akka.actor.default-dispatcher-14 - Shutting down connection pool.
2018-04-24 10:14:23,651 [INFO] from application in play-dev-mode-akka.actor.default-dispatcher-81 - Creating Pool for datasource 'default'
2018-04-24 10:14:23,694 [INFO] from play.api.db.DefaultDBApi in play-dev-mode-akka.actor.default-dispatcher-81 - Database [default] connected at jdbc:h2:file:./data/productsDB
2018-04-24 10:14:23,729 [INFO] from application in play-dev-mode-akka.actor.default-dispatcher-81 - ApplicationTimer demo: Starting application at 2018-04-24T09:14:23.729Z
2018-04-24 10:14:23,801 [WARN] from org.hibernate.validator.messageinterpolation.ParameterMessageInterpolator in play-dev-mode-akka.actor.default-dispatcher-81 - HV000184: ParameterMessageInterpolator has been chosen, EL interpolation will not be supported
2018-04-24 10:14:23,846 [INFO] from play.api.http.EnabledFilters in play-dev-mode-akka.actor.default-dispatcher-81 - Enabled Filters (see <https://www.playframework.com/documentation/latest/Filters>):

    play.filters.csrf.CSRFFilter
    play.filters.headers.SecurityHeadersFilter
    play.filters.hosts.AllowedHostsFilter
    filters.ExampleFilter

2018-04-24 10:14:23,847 [INFO] from play.api.Play in play-dev-mode-akka.actor.default-dispatcher-81 - Application started (Dev)
2018-04-24 10:15:19,975 [INFO] from application in application-akka.actor.default-dispatcher-9 - ApplicationTimer demo: Stopping application at 2018-04-24T09:15:19.975Z after 56s.
2018-04-24 10:15:19,975 [INFO] from application in application-akka.actor.default-dispatcher-9 - Shutting down connection pool.
2018-04-24 10:15:20,094 [INFO] from application in play-dev-mode-akka.actor.default-dispatcher-81 - Creating Pool for datasource 'default'
2018-04-24 10:15:20,114 [INFO] from play.api.db.DefaultDBApi in play-dev-mode-akka.actor.default-dispatcher-81 - Database [default] connected at jdbc:h2:file:./data/productsDB
2018-04-24 10:15:20,162 [INFO] from application in play-dev-mode-akka.actor.default-dispatcher-81 - ApplicationTimer demo: Starting application at 2018-04-24T09:15:20.162Z
2018-04-24 10:15:20,194 [WARN] from org.hibernate.validator.messageinterpolation.ParameterMessageInterpolator in play-dev-mode-akka.actor.default-dispatcher-81 - HV000184: ParameterMessageInterpolator has been chosen, EL interpolation will not be supported
2018-04-24 10:15:20,241 [INFO] from play.api.http.EnabledFilters in play-dev-mode-akka.actor.default-dispatcher-81 - Enabled Filters (see <https://www.playframework.com/documentation/latest/Filters>):

    play.filters.csrf.CSRFFilter
    play.filters.headers.SecurityHeadersFilter
    play.filters.hosts.AllowedHostsFilter
    filters.ExampleFilter

2018-04-24 10:15:20,241 [INFO] from play.api.Play in play-dev-mode-akka.actor.default-dispatcher-81 - Application started (Dev)
2018-04-24 10:21:15,636 [INFO] from application in application-akka.actor.default-dispatcher-18 - ApplicationTimer demo: Stopping application at 2018-04-24T09:21:15.636Z after 355s.
2018-04-24 10:21:15,636 [INFO] from application in application-akka.actor.default-dispatcher-18 - Shutting down connection pool.
2018-04-24 10:21:15,939 [INFO] from application in play-dev-mode-akka.actor.default-dispatcher-95 - Creating Pool for datasource 'default'
2018-04-24 10:21:16,031 [INFO] from play.api.db.DefaultDBApi in play-dev-mode-akka.actor.default-dispatcher-95 - Database [default] connected at jdbc:h2:file:./data/productsDB
2018-04-24 10:21:16,146 [INFO] from application in play-dev-mode-akka.actor.default-dispatcher-95 - ApplicationTimer demo: Starting application at 2018-04-24T09:21:16.145Z
2018-04-24 10:21:16,229 [WARN] from org.hibernate.validator.messageinterpolation.ParameterMessageInterpolator in play-dev-mode-akka.actor.default-dispatcher-95 - HV000184: ParameterMessageInterpolator has been chosen, EL interpolation will not be supported
2018-04-24 10:21:16,293 [INFO] from play.api.http.EnabledFilters in play-dev-mode-akka.actor.default-dispatcher-95 - Enabled Filters (see <https://www.playframework.com/documentation/latest/Filters>):

    play.filters.csrf.CSRFFilter
    play.filters.headers.SecurityHeadersFilter
    play.filters.hosts.AllowedHostsFilter
    filters.ExampleFilter

2018-04-24 10:21:16,293 [INFO] from play.api.Play in play-dev-mode-akka.actor.default-dispatcher-95 - Application started (Dev)
2018-04-24 10:22:47,291 [INFO] from application in application-akka.actor.default-dispatcher-5 - ApplicationTimer demo: Stopping application at 2018-04-24T09:22:47.291Z after 91s.
2018-04-24 10:22:47,292 [INFO] from application in application-akka.actor.default-dispatcher-5 - Shutting down connection pool.
2018-04-24 10:22:47,474 [INFO] from application in play-dev-mode-akka.actor.default-dispatcher-106 - Creating Pool for datasource 'default'
2018-04-24 10:22:47,480 [INFO] from play.api.db.DefaultDBApi in play-dev-mode-akka.actor.default-dispatcher-106 - Database [default] connected at jdbc:h2:file:./data/productsDB
2018-04-24 10:22:47,552 [INFO] from application in play-dev-mode-akka.actor.default-dispatcher-106 - ApplicationTimer demo: Starting application at 2018-04-24T09:22:47.552Z
2018-04-24 10:22:47,642 [WARN] from org.hibernate.validator.messageinterpolation.ParameterMessageInterpolator in play-dev-mode-akka.actor.default-dispatcher-106 - HV000184: ParameterMessageInterpolator has been chosen, EL interpolation will not be supported
2018-04-24 10:22:47,692 [INFO] from play.api.http.EnabledFilters in play-dev-mode-akka.actor.default-dispatcher-106 - Enabled Filters (see <https://www.playframework.com/documentation/latest/Filters>):

    play.filters.csrf.CSRFFilter
    play.filters.headers.SecurityHeadersFilter
    play.filters.hosts.AllowedHostsFilter
    filters.ExampleFilter

2018-04-24 10:22:47,694 [INFO] from play.api.Play in play-dev-mode-akka.actor.default-dispatcher-106 - Application started (Dev)
2018-04-24 10:23:34,561 [INFO] from application in application-akka.actor.default-dispatcher-11 - ApplicationTimer demo: Stopping application at 2018-04-24T09:23:34.561Z after 47s.
2018-04-24 10:23:34,561 [INFO] from application in application-akka.actor.default-dispatcher-11 - Shutting down connection pool.
2018-04-24 10:23:34,659 [INFO] from application in play-dev-mode-akka.actor.default-dispatcher-107 - Creating Pool for datasource 'default'
2018-04-24 10:23:34,685 [INFO] from play.api.db.DefaultDBApi in play-dev-mode-akka.actor.default-dispatcher-107 - Database [default] connected at jdbc:h2:file:./data/productsDB
2018-04-24 10:23:34,731 [INFO] from application in play-dev-mode-akka.actor.default-dispatcher-107 - ApplicationTimer demo: Starting application at 2018-04-24T09:23:34.731Z
2018-04-24 10:23:34,800 [WARN] from org.hibernate.validator.messageinterpolation.ParameterMessageInterpolator in play-dev-mode-akka.actor.default-dispatcher-107 - HV000184: ParameterMessageInterpolator has been chosen, EL interpolation will not be supported
2018-04-24 10:23:34,843 [INFO] from play.api.http.EnabledFilters in play-dev-mode-akka.actor.default-dispatcher-107 - Enabled Filters (see <https://www.playframework.com/documentation/latest/Filters>):

    play.filters.csrf.CSRFFilter
    play.filters.headers.SecurityHeadersFilter
    play.filters.hosts.AllowedHostsFilter
    filters.ExampleFilter

2018-04-24 10:23:34,843 [INFO] from play.api.Play in play-dev-mode-akka.actor.default-dispatcher-107 - Application started (Dev)
2018-04-24 10:23:53,714 [INFO] from application in application-akka.actor.default-dispatcher-6 - ApplicationTimer demo: Stopping application at 2018-04-24T09:23:53.714Z after 19s.
2018-04-24 10:23:53,714 [INFO] from application in application-akka.actor.default-dispatcher-6 - Shutting down connection pool.
2018-04-24 10:23:53,804 [INFO] from application in play-dev-mode-akka.actor.default-dispatcher-84 - Creating Pool for datasource 'default'
2018-04-24 10:23:53,819 [INFO] from play.api.db.DefaultDBApi in play-dev-mode-akka.actor.default-dispatcher-84 - Database [default] connected at jdbc:h2:file:./data/productsDB
2018-04-24 10:23:53,872 [INFO] from application in play-dev-mode-akka.actor.default-dispatcher-84 - ApplicationTimer demo: Starting application at 2018-04-24T09:23:53.872Z
2018-04-24 10:23:53,905 [WARN] from org.hibernate.validator.messageinterpolation.ParameterMessageInterpolator in play-dev-mode-akka.actor.default-dispatcher-84 - HV000184: ParameterMessageInterpolator has been chosen, EL interpolation will not be supported
2018-04-24 10:23:53,938 [INFO] from play.api.http.EnabledFilters in play-dev-mode-akka.actor.default-dispatcher-84 - Enabled Filters (see <https://www.playframework.com/documentation/latest/Filters>):

    play.filters.csrf.CSRFFilter
    play.filters.headers.SecurityHeadersFilter
    play.filters.hosts.AllowedHostsFilter
    filters.ExampleFilter

2018-04-24 10:23:53,939 [INFO] from play.api.Play in play-dev-mode-akka.actor.default-dispatcher-84 - Application started (Dev)
2018-04-24 10:24:36,210 [INFO] from application in application-akka.actor.default-dispatcher-3 - ApplicationTimer demo: Stopping application at 2018-04-24T09:24:36.210Z after 43s.
2018-04-24 10:24:36,210 [INFO] from application in application-akka.actor.default-dispatcher-3 - Shutting down connection pool.
2018-04-24 10:24:36,286 [INFO] from application in play-dev-mode-akka.actor.default-dispatcher-99 - Creating Pool for datasource 'default'
2018-04-24 10:24:36,303 [INFO] from play.api.db.DefaultDBApi in play-dev-mode-akka.actor.default-dispatcher-99 - Database [default] connected at jdbc:h2:file:./data/productsDB
2018-04-24 10:24:36,346 [INFO] from application in play-dev-mode-akka.actor.default-dispatcher-99 - ApplicationTimer demo: Starting application at 2018-04-24T09:24:36.346Z
2018-04-24 10:24:36,389 [WARN] from org.hibernate.validator.messageinterpolation.ParameterMessageInterpolator in play-dev-mode-akka.actor.default-dispatcher-99 - HV000184: ParameterMessageInterpolator has been chosen, EL interpolation will not be supported
2018-04-24 10:24:36,439 [INFO] from play.api.http.EnabledFilters in play-dev-mode-akka.actor.default-dispatcher-99 - Enabled Filters (see <https://www.playframework.com/documentation/latest/Filters>):

    play.filters.csrf.CSRFFilter
    play.filters.headers.SecurityHeadersFilter
    play.filters.hosts.AllowedHostsFilter
    filters.ExampleFilter

2018-04-24 10:24:36,441 [INFO] from play.api.Play in play-dev-mode-akka.actor.default-dispatcher-99 - Application started (Dev)
